[debug] [2023-11-21T00:31:30.623Z] ----------------------------------------------------------------------
[debug] [2023-11-21T00:31:30.625Z] Command:       /home/albertbyrone/.nvm/versions/node/v18.17.0/bin/node /home/albertbyrone/.nvm/versions/node/v18.17.0/bin/firebase deploy
[debug] [2023-11-21T00:31:30.625Z] CLI Version:   12.9.1
[debug] [2023-11-21T00:31:30.625Z] Platform:      linux
[debug] [2023-11-21T00:31:30.625Z] Node Version:  v18.17.0
[debug] [2023-11-21T00:31:30.626Z] Time:          Tue Nov 21 2023 03:31:30 GMT+0300 (East Africa Time)
[debug] [2023-11-21T00:31:30.626Z] ----------------------------------------------------------------------
[debug] 
[debug] [2023-11-21T00:31:30.685Z] > command requires scopes: ["email","openid","https://www.googleapis.com/auth/cloudplatformprojects.readonly","https://www.googleapis.com/auth/firebase","https://www.googleapis.com/auth/cloud-platform"]
[debug] [2023-11-21T00:31:30.685Z] > authorizing via signed-in user (albertbyrone1677@gmail.com)
[debug] [2023-11-21T00:31:30.685Z] [iam] checking project mpesafy-58dee for permissions ["firebase.projects.get","firebasehosting.sites.update"]
[debug] [2023-11-21T00:31:30.687Z] >>> [apiv2][query] POST https://cloudresourcemanager.googleapis.com/v1/projects/mpesafy-58dee:testIamPermissions [none]
[debug] [2023-11-21T00:31:30.687Z] >>> [apiv2][(partial)header] POST https://cloudresourcemanager.googleapis.com/v1/projects/mpesafy-58dee:testIamPermissions x-goog-quota-user=projects/mpesafy-58dee
[debug] [2023-11-21T00:31:30.687Z] >>> [apiv2][body] POST https://cloudresourcemanager.googleapis.com/v1/projects/mpesafy-58dee:testIamPermissions {"permissions":["firebase.projects.get","firebasehosting.sites.update"]}
[debug] [2023-11-21T00:31:32.511Z] <<< [apiv2][status] POST https://cloudresourcemanager.googleapis.com/v1/projects/mpesafy-58dee:testIamPermissions 200
[debug] [2023-11-21T00:31:32.511Z] <<< [apiv2][body] POST https://cloudresourcemanager.googleapis.com/v1/projects/mpesafy-58dee:testIamPermissions {"permissions":["firebase.projects.get","firebasehosting.sites.update"]}
[debug] [2023-11-21T00:31:32.512Z] >>> [apiv2][query] GET https://firebase.googleapis.com/v1beta1/projects/mpesafy-58dee [none]
[debug] [2023-11-21T00:31:33.015Z] <<< [apiv2][status] GET https://firebase.googleapis.com/v1beta1/projects/mpesafy-58dee 200
[debug] [2023-11-21T00:31:33.015Z] <<< [apiv2][body] GET https://firebase.googleapis.com/v1beta1/projects/mpesafy-58dee {"projectId":"mpesafy-58dee","projectNumber":"207776571628","displayName":"mpesafy","name":"projects/mpesafy-58dee","resources":{"hostingSite":"mpesafy-58dee"},"state":"ACTIVE","etag":"1_2dc85b1b-7cb6-4955-8fa0-e8990cd6f455"}
[info] 
[info] === Deploying to 'mpesafy-58dee'...
[info] 
[info] i  deploying hosting 
[debug] [2023-11-21T00:31:33.018Z] >>> [apiv2][query] POST https://firebasehosting.googleapis.com/v1beta1/projects/-/sites/mpesafy-58dee/versions [none]
[debug] [2023-11-21T00:31:33.018Z] >>> [apiv2][body] POST https://firebasehosting.googleapis.com/v1beta1/projects/-/sites/mpesafy-58dee/versions {"status":"CREATED","labels":{"deployment-tool":"cli-firebase"}}
[debug] [2023-11-21T00:31:35.461Z] <<< [apiv2][status] POST https://firebasehosting.googleapis.com/v1beta1/projects/-/sites/mpesafy-58dee/versions 200
[debug] [2023-11-21T00:31:35.462Z] <<< [apiv2][body] POST https://firebasehosting.googleapis.com/v1beta1/projects/-/sites/mpesafy-58dee/versions {"name":"projects/207776571628/sites/mpesafy-58dee/versions/952644445c22fe8b","status":"CREATED","config":{},"labels":{"deployment-tool":"cli-firebase"}}
[info] i  hosting[mpesafy-58dee]: beginning deploy... 
[info] i  hosting[mpesafy-58dee]: found 20 files in dist/quickk 
[debug] [2023-11-21T00:31:35.477Z] [hosting] uploading with 200 concurrency
[debug] [2023-11-21T00:31:35.482Z] [hosting] hash cache [ZGlzdC9xdWlja2s] stored for 20 files
[debug] [2023-11-21T00:31:35.482Z] [hosting][hash queue][FINAL] {"max":1,"min":1,"avg":1,"active":0,"complete":20,"success":20,"errored":0,"retried":0,"total":20,"elapsed":3}
[debug] [2023-11-21T00:31:35.483Z] >>> [apiv2][query] POST https://firebasehosting.googleapis.com/v1beta1/projects/207776571628/sites/mpesafy-58dee/versions/952644445c22fe8b:populateFiles [none]
[debug] [2023-11-21T00:31:35.483Z] >>> [apiv2][body] POST https://firebasehosting.googleapis.com/v1beta1/projects/207776571628/sites/mpesafy-58dee/versions/952644445c22fe8b:populateFiles {"files":{"/3rdpartylicenses.txt":"5e24c3cc5e6bc71bf42663ab2828d8212d5829ed026222a40033e856fe13a3cb","/favicon.ico":"5ba04cf43d3c8c026bd5edd43046db96acb28b5686d99ea7d7e148feabfffc8f","/index.html":"b426f4fd5d1473d2855825473eb82b1173885a211c6cc51b4a4cad1b84a6fb4e","/main.b7c66201b397d581.js":"68ff31021aaa257dcdcc215f37059847f049f805a9f2fa3acaebfcedfb990368","/polyfills.3a7742080346a202.js":"29f5cd2895a0a5eb2c20781f73e1127868bfc1f4810204525982ca9f5d8ce674","/runtime.6aa7ecadbaad9919.js":"d54dce635333b7bc2f4636f86e3d4ec13e230d4a2534d1ec3ef095359861b2af","/styles.bd1e17887a0dc685.css":"192423164cc4412bb65e9d7f6d2eaabdd3d79f0c5a6d7f551f95805c56b5771d","/assets/Icon/checklist.svg":"4898babf5348b3e8c7045ce324eab520e8317e7f1af783bacf73e55225a0af6e","/assets/Icon/eva_arrow-back-fill.svg":"8ae72dd308cee7a0def37da3193bbbce488cd282bc1763446231df6885243354","/assets/Icon/eva_arrow-next-fill.svg":"08f55b02ccef531a8eb7418f1f0720c420b65801c5e7e1f3d89277ebd290c442","/assets/Icon/gridicons_location.svg":"0994ad6404e73bd5ce15707635987075622004c2649044837b2bc2c5f9fecae7","/assets/Icon/heroicons_sm-user.svg":"57e40e6022481df8d116096304ca3bd68b6948397f3cea6e8cbdfa1b4eb13a42","/assets/Icon/instagram.svg":"fcd1104ebdcfa4b7e290b59c6f53ff42381b86841ca67d4ebf92a8ba2d6ae506","/assets/Icon/jam_check.svg":"74ec62fb65a7427106e7a7c629c8140519b677933d09e1d63b3ee947447cc428","/assets/Icon/netflix.png":"33da1ac419c86f15e7d21614620bb8c34a32276d80433d69b1c5791bacecfab2","/assets/Icon/reddit.png":"783cf5214d02e37bf60a0b8c5a1a668a5776b1e6f346651184d76e5c00bd3f32","/assets/Icon/spotify.png":"ddf780fb168ecbf3deacc7b5f36793f0d1644c1016f9810d9c00c2d7dfd641dd","/assets/images/logo1.png":"21a86c0832e482e850fa92fe404ca6be06d36e13b6f3e629aeda5b1fdc907948","/assets/images/logo3.png":"e10a4430eb25a43c3c41f03783af6bd983234b85962ef705e90987db67453479","/assets/images/pesa.jpg":"28a01eecc73adbfe486a59e1772143ee8515caffe2ff74ed3670a0457f34abe1"}}
[debug] [2023-11-21T00:31:37.316Z] <<< [apiv2][status] POST https://firebasehosting.googleapis.com/v1beta1/projects/207776571628/sites/mpesafy-58dee/versions/952644445c22fe8b:populateFiles 200
[debug] [2023-11-21T00:31:37.316Z] <<< [apiv2][body] POST https://firebasehosting.googleapis.com/v1beta1/projects/207776571628/sites/mpesafy-58dee/versions/952644445c22fe8b:populateFiles {"uploadUrl":"https://upload-firebasehosting.googleapis.com/upload/sites/mpesafy-58dee/versions/952644445c22fe8b/files"}
[debug] [2023-11-21T00:31:37.316Z] [hosting][populate queue][FINAL] {"max":1835,"min":1835,"avg":1835,"active":0,"complete":1,"success":1,"errored":0,"retried":0,"total":1,"elapsed":1835}
[debug] [2023-11-21T00:31:37.317Z] [hosting] uploads queued: 0
[debug] [2023-11-21T00:31:37.317Z] [hosting][upload queue][FINAL] {"max":0,"min":9999999999,"avg":0,"active":0,"complete":0,"success":0,"errored":0,"retried":0,"total":0,"elapsed":1700526697317}
[info] ✔  hosting[mpesafy-58dee]: file upload complete 
[debug] [2023-11-21T00:31:37.318Z] [hosting] deploy completed after 1854ms
[debug] [2023-11-21T00:31:37.319Z] [
  {
    "config": {
      "public": "dist/quickk",
      "ignore": [
        "firebase.json",
        "**/.*",
        "**/node_modules/**"
      ],
      "rewrites": [
        {
          "source": "**",
          "destination": "/index.html"
        }
      ],
      "site": "mpesafy-58dee"
    },
    "version": "projects/207776571628/sites/mpesafy-58dee/versions/952644445c22fe8b"
  }
]
[info] i  hosting[mpesafy-58dee]: finalizing version... 
[debug] [2023-11-21T00:31:37.323Z] >>> [apiv2][query] PATCH https://firebasehosting.googleapis.com/v1beta1/projects/-/sites/mpesafy-58dee/versions/952644445c22fe8b updateMask=status%2Cconfig
[debug] [2023-11-21T00:31:37.323Z] >>> [apiv2][body] PATCH https://firebasehosting.googleapis.com/v1beta1/projects/-/sites/mpesafy-58dee/versions/952644445c22fe8b {"status":"FINALIZED","config":{"rewrites":[{"glob":"**","path":"/index.html"}]}}
